<?xml version="1.0" encoding="UTF-8"?>
<testng-results skipped="0" failed="0" ignored="0" total="1" passed="1">
  <reporter-output>
  </reporter-output>
  <suite name="Default suite" duration-ms="133" started-at="2021-03-07T08:53:46 IST" finished-at="2021-03-07T08:53:46 IST">
    <groups>
    </groups>
    <test name="Default test" duration-ms="133" started-at="2021-03-07T08:53:46 IST" finished-at="2021-03-07T08:53:46 IST">
      <class name="Class1">
        <test-method status="PASS" signature="beforeMethod()[pri:0, instance:Class1@30b8a058]" name="beforeMethod" is-config="true" duration-ms="13" started-at="2021-03-07T08:53:46 IST" finished-at="2021-03-07T08:53:46 IST">
          <reporter-output>
          </reporter-output>
        </test-method> <!-- beforeMethod -->
        <test-method status="PASS" signature="testMethod()[pri:0, instance:Class1@30b8a058]" name="testMethod" duration-ms="13" started-at="2021-03-07T08:53:46 IST" finished-at="2021-03-07T08:53:46 IST">
          <reporter-output>
          </reporter-output>
        </test-method> <!-- testMethod -->
        <test-method status="PASS" signature="afterMethod()[pri:0, instance:Class1@30b8a058]" name="afterMethod" is-config="true" duration-ms="0" started-at="2021-03-07T08:53:46 IST" finished-at="2021-03-07T08:53:46 IST">
          <reporter-output>
          </reporter-output>
        </test-method> <!-- afterMethod -->
      </class> <!-- Class1 -->
    </test> <!-- Default test -->
  </suite> <!-- Default suite -->
</testng-results>
